<?xml version="1.0" encoding="UTF-8"?>
<!-- Generated by org.testng.reporters.JUnitReportReporter -->
<testsuite hostname="DESKTOP-MEL0TQP" failures="0" tests="1" name="assignment.FitPeo" time="61.773" errors="0" timestamp="2024-08-04T20:34:35 IST" skipped="0">
  <testcase classname="assignment.FitPeo" name="fitPeo_Test" time="61.773"/>
  <system-out/>
</testsuite> <!-- assignment.FitPeo -->
