<?xml version="1.0" encoding="UTF-8"?>
<!-- Generated by org.testng.reporters.JUnitReportReporter -->
<testsuite hostname="DESKTOP-MEL0TQP" failures="0" tests="1" name="assignment.FitPeo" time="61.505" errors="0" timestamp="2025-01-07T18:57:37 IST" skipped="0">
  <testcase classname="assignment.FitPeo" name="fitPeo_Test" time="61.505"/>
  <system-out/>
</testsuite> <!-- assignment.FitPeo -->
